<?xml version="1.0" encoding="UTF-8"?>
<!-- Generated by org.testng.reporters.JUnitXMLReporter -->
<testsuite hostname="MONO-HYD-LAP-14" ignored="1" name="TestLATOIL" tests="11" failures="1" timestamp="22 Sep 2018 19:38:00 GMT" time="47.282" errors="0">
  <testcase name="selectNBSBranchInward" time="40.872" classname="Cosmos_Testcases.LACosmosToIL">
    <failure type="java.lang.AssertionError" message="Bucket not completed">
      <![CDATA[java.lang.AssertionError: Bucket not completed
at pageObjectClasses.NBSBranchInward.branchInward_details(NBSBranchInward.java:345)
at Cosmos_Testcases.LACosmosToIL.selectNBSBranchInward(LACosmosToIL.java:85)
... Removed 26 stack frames]]>
    </failure>
  </testcase> <!-- selectNBSBranchInward -->
  <testcase name="submitReciept" time="0.0" classname="Cosmos_Testcases.LACosmosToIL">
    <skipped/>
  </testcase> <!-- submitReciept -->
  <testcase name="pendingBranchScrutny" time="0.0" classname="Cosmos_Testcases.LACosmosToIL">
    <skipped/>
  </testcase> <!-- pendingBranchScrutny -->
  <testcase name="selectDispatch" time="0.0" classname="Cosmos_Testcases.LACosmosToIL">
    <skipped/>
  </testcase> <!-- selectDispatch -->
  <testcase name="scanAndIndex" time="0.0" classname="Cosmos_Testcases.LACosmosToIL">
    <skipped/>
  </testcase> <!-- scanAndIndex -->
  <testcase name="copsInwardBucket" time="0.0" classname="Cosmos_Testcases.LACosmosToIL">
    <skipped/>
  </testcase> <!-- copsInwardBucket -->
  <testcase name="nbsDataEntry" time="0.0" classname="Cosmos_Testcases.LACosmosToIL">
    <skipped/>
  </testcase> <!-- nbsDataEntry -->
  <testcase name="copsQc" time="0.0" classname="Cosmos_Testcases.LACosmosToIL">
    <skipped/>
  </testcase> <!-- copsQc -->
  <testcase name="UWBucket" time="0.0" classname="Cosmos_Testcases.LACosmosToIL">
    <skipped/>
  </testcase> <!-- UWBucket -->
  <testcase name="applicationTracker" time="0.0" classname="Cosmos_Testcases.LACosmosToIL">
    <skipped/>
  </testcase> <!-- applicationTracker -->
  <testcase name="proposalEnquiry" time="0.0" classname="Cosmos_Testcases.LACosmosToIL">
    <skipped/>
  </testcase> <!-- proposalEnquiry -->
  <testcase name="callVerificationBucket" time="0.0" classname="Cosmos_Testcases.LACosmosToIL">
    <ignored/>
  </testcase> <!-- callVerificationBucket -->
</testsuite> <!-- TestLATOIL -->
