<?xml version="1.0" encoding="UTF-8"?>
<!-- Generated by org.testng.reporters.JUnitXMLReporter -->
<testsuite hostname="MONO-HYD-LAP-14" ignored="1" name="TestLATOIL" tests="11" failures="1" timestamp="23 Sep 2018 16:56:01 GMT" time="69.672" errors="0">
  <testcase name="selectNBSBranchInward" time="43.882" classname="Cosmos_Testcases.LACosmosToIL"/>
  <testcase name="submitReciept" time="19.82" classname="Cosmos_Testcases.LACosmosToIL">
    <failure type="java.lang.AssertionError">
      <![CDATA[java.lang.AssertionError
at org.junit.Assert.fail(Assert.java:92)
at pageObjectClasses.ProposalDetails.fillInstrumentDetails(ProposalDetails.java:191)
at Cosmos_Testcases.LACosmosToIL.submitReciept(LACosmosToIL.java:101)
... Removed 25 stack frames]]>
    </failure>
  </testcase> <!-- submitReciept -->
  <testcase name="pendingBranchScrutny" time="0.0" classname="Cosmos_Testcases.LACosmosToIL">
    <skipped/>
  </testcase> <!-- pendingBranchScrutny -->
  <testcase name="selectDispatch" time="0.0" classname="Cosmos_Testcases.LACosmosToIL">
    <skipped/>
  </testcase> <!-- selectDispatch -->
  <testcase name="scanAndIndex" time="0.0" classname="Cosmos_Testcases.LACosmosToIL">
    <skipped/>
  </testcase> <!-- scanAndIndex -->
  <testcase name="copsInwardBucket" time="0.0" classname="Cosmos_Testcases.LACosmosToIL">
    <skipped/>
  </testcase> <!-- copsInwardBucket -->
  <testcase name="nbsDataEntry" time="0.0" classname="Cosmos_Testcases.LACosmosToIL">
    <skipped/>
  </testcase> <!-- nbsDataEntry -->
  <testcase name="copsQc" time="0.0" classname="Cosmos_Testcases.LACosmosToIL">
    <skipped/>
  </testcase> <!-- copsQc -->
  <testcase name="UWBucket" time="0.0" classname="Cosmos_Testcases.LACosmosToIL">
    <skipped/>
  </testcase> <!-- UWBucket -->
  <testcase name="applicationTracker" time="0.0" classname="Cosmos_Testcases.LACosmosToIL">
    <skipped/>
  </testcase> <!-- applicationTracker -->
  <testcase name="proposalEnquiry" time="0.0" classname="Cosmos_Testcases.LACosmosToIL">
    <skipped/>
  </testcase> <!-- proposalEnquiry -->
  <testcase name="callVerificationBucket" time="0.0" classname="Cosmos_Testcases.LACosmosToIL">
    <ignored/>
  </testcase> <!-- callVerificationBucket -->
</testsuite> <!-- TestLATOIL -->
